COVERGROUP COVERAGE:
----------------------------------------------------------------------------------------------------------
Covergroup                                             Metric       Goal       Bins    Status               
                                                                                                         
----------------------------------------------------------------------------------------------------------
 TYPE /reg_tb_sv_unit/reg_cov/reg_cov__1/reg_cg       100.00%        100          -    Covered              
    covered/total bins:                                     4          4          -                      
    missing/total bins:                                     0          4          -                      
    % Hit:                                            100.00%        100          -                      
    Coverpoint data_in                                100.00%        100          -    Covered              
        covered/total bins:                                 3          3          -                      
        missing/total bins:                                 0          3          -                      
        % Hit:                                        100.00%        100          -                      
        bin corners[0]                                      8          1          -    Covered              
        bin corners[127]                                    5          1          -    Covered              
        bin corners[255]                                    8          1          -    Covered              
        default bin others                                179                     -    Occurred             
    Coverpoint rst                                    100.00%        100          -    Covered              
        covered/total bins:                                 1          1          -                      
        missing/total bins:                                 0          1          -                      
        % Hit:                                        100.00%        100          -                      
        bin zero                                           16          1          -    Covered              

TOTAL COVERGROUP COVERAGE: 100.00%  COVERGROUP TYPES: 1
