COVERGROUP COVERAGE:
----------------------------------------------------------------------------------------------------------
Covergroup                                             Metric       Goal       Bins    Status               
                                                                                                         
----------------------------------------------------------------------------------------------------------
 TYPE /rca_tb_sv_unit/rca_cov/rca_cov__1/rca_cg       100.00%        100          -    Covered              
    covered/total bins:                                     8          8          -                      
    missing/total bins:                                     0          8          -                      
    % Hit:                                            100.00%        100          -                      
    Coverpoint carry_in                               100.00%        100          -    Covered              
        covered/total bins:                                 2          2          -                      
        missing/total bins:                                 0          2          -                      
        % Hit:                                        100.00%        100          -                      
        bin zero                                           99          1          -    Covered              
        bin one                                           101          1          -    Covered              
    Coverpoint a_cp                                   100.00%        100          -    Covered              
        covered/total bins:                                 3          3          -                      
        missing/total bins:                                 0          3          -                      
        % Hit:                                        100.00%        100          -                      
        bin corners[0]                                      8          1          -    Covered              
        bin corners[127]                                    5          1          -    Covered              
        bin corners[255]                                    3          1          -    Covered              
        default bin others                                184                     -    Occurred             
    Coverpoint b_cp                                   100.00%        100          -    Covered              
        covered/total bins:                                 3          3          -                      
        missing/total bins:                                 0          3          -                      
        % Hit:                                        100.00%        100          -                      
        bin corners[0]                                      8          1          -    Covered              
        bin corners[127]                                    4          1          -    Covered              
        bin corners[255]                                    7          1          -    Covered              
        default bin others                                181                     -    Occurred             

TOTAL COVERGROUP COVERAGE: 100.00%  COVERGROUP TYPES: 1
