 
****************************************
Report : area
Design : REGISTER_FILE
Version: S-2021.06-SP4
Date   : Wed May  3 10:42:22 2023
****************************************

Library(s) Used:

    NangateOpenCellLibrary (File: /home/mariagrazia.graziano/do/libnangate/NangateOpenCellLibrary_typical_ecsm.db)

Number of ports:                          117
Number of nets:                          4611
Number of cells:                         4110
Number of combinational cells:           3022
Number of sequential cells:              1088
Number of macros/black boxes:               0
Number of buf/inv:                        676
Number of references:                      13

Combinational area:               3822.154032
Buf/Inv area:                      527.477986
Noncombinational area:            4919.935822
Macro/Black Box area:                0.000000
Net Interconnect area:      undefined  (Wire load has zero net area)

Total cell area:                  8742.089854
Total area:                 undefined
1
