Reading pref.tcl

# 2020.4

# vsim -c -sv_seed random -do "sim.do" -do "cov.do" -voptargs="+acc" "+UVM_TESTNAME=test" tb_top 
# Start time: 18:12:06 on Aug 28,2023
# ** Note: (vsim-3812) Design is being optimized...
# //  Questa Sim-64
# //  Version 2020.4 linux_x86_64 Oct 13 2020
# //
# //  Copyright 1991-2020 Mentor Graphics Corporation
# //  All Rights Reserved.
# //
# //  QuestaSim and its associated documentation contain trade
# //  secrets and commercial or financial information that are the property of
# //  Mentor Graphics Corporation and are privileged, confidential,
# //  and exempt from disclosure under the Freedom of Information Act,
# //  5 U.S.C. Section 552. Furthermore, this information
# //  is prohibited from disclosure under the Trade Secrets Act,
# //  18 U.S.C. Section 1905.
# //
# Loading sv_std.std
# Loading work.p4_if(fast)
# Loading mtiUvm.uvm_pkg(fast)
# Loading work.seq_pkg(fast)
# Loading work.p4_pkg(fast)
# Loading work.tb_top_sv_unit(fast)
# Loading mtiUvm.questa_uvm_pkg(fast)
# Loading work.tb_top(fast)
# Loading work.p4_if(fast__2)
# Loading work.p4_wrap(fast)
# Loading std.standard
# Loading std.textio(body)
# Loading ieee.std_logic_1164(body)
# Loading ieee.std_logic_arith(body)
# Loading ieee.std_logic_unsigned(body)
# Loading work.p4adder(structural)#1
# Loading synopsys.attributes
# Loading ieee.std_logic_misc(body)
# Loading work.sub_logic(behavioral)#1
# Loading work.sumgenerator(structural)#1
# Loading work.constants(body)
# Loading work.csb(structural)#1
# Loading work.rca(structural)#1
# Loading work.fa(behavioral)#1
# Loading work.mux21_generic(behavioral)#1
# Loading work.cla_sparse(structural)#1
# Loading work.pg_generator(behavioral)#1
# Loading work.g(behavioral)#1
# Loading work.pg(behavioral)#1
# Loading /eda/mentor/2020-21/RHELx86/QUESTA-CORE-PRIME_2020.4/questasim/uvm-1.1d/linux_x86_64/uvm_dpi.so
# Sv_Seed = 3245920045
# do sim.do
# ----------------------------------------------------------------
# UVM-1.1d
# (C) 2007-2013 Mentor Graphics Corporation
# (C) 2007-2013 Cadence Design Systems, Inc.
# (C) 2006-2013 Synopsys, Inc.
# (C) 2011-2013 Cypress Semiconductor Corp.
# ----------------------------------------------------------------
# 
#   ***********       IMPORTANT RELEASE NOTES         ************
# 
#   You are using a version of the UVM library that has been compiled
#   with `UVM_NO_DEPRECATED undefined.
#   See http://www.eda.org/svdb/view.php?id=3313 for more details.
# 
#   You are using a version of the UVM library that has been compiled
#   with `UVM_OBJECT_MUST_HAVE_CONSTRUCTOR undefined.
#   See http://www.eda.org/svdb/view.php?id=3770 for more details.
# 
#       (Specify +UVM_NO_RELNOTES to turn off this notice)
# 
# UVM_INFO verilog_src/questa_uvm_pkg-1.2/src/questa_uvm_pkg.sv(277) @ 0: reporter [Questa UVM] QUESTA_UVM-1.2.3
# UVM_INFO verilog_src/questa_uvm_pkg-1.2/src/questa_uvm_pkg.sv(278) @ 0: reporter [Questa UVM]  questa_uvm::init(+struct)
# UVM_INFO @ 0: reporter [RNTST] Running test test...
# ** Warning: (vsim-8474) A lower value '-1' is found in bin 'corners' of Coverpoint 'a_cp'. It is invalid and will be ignored.
#    Time: 0 ns  Iteration: 16  Process: /uvm_pkg::uvm_phase::m_run_phases/#FORK#1847_7fefedc4a94 File: ../tb/coverage.svh Line: 22
# ** Warning: (vsim-8474) A lower value '-1' is found in bin 'corners' of Coverpoint 'b_cp'. It is invalid and will be ignored.
#    Time: 0 ns  Iteration: 16  Process: /uvm_pkg::uvm_phase::m_run_phases/#FORK#1847_7fefedc4a94 File: ../tb/coverage.svh Line: 31
# UVM_INFO @ 0: reporter [UVMTOP] UVM testbench topology:
# --------------------------------------------------------------
# Name                       Type                    Size  Value
# --------------------------------------------------------------
# uvm_test_top               test                    -     @466 
#   env_h                    env                     -     @473 
#     agent                  agent                   -     @480 
#       aport                uvm_analysis_port       -     @653 
#       mon                  monitor                 -     @642 
#         aport              uvm_analysis_port       -     @661 
#       my_driver_h          driver                  -     @510 
#         drv2sb             uvm_analysis_port       -     @673 
#         rsp_port           uvm_analysis_port       -     @525 
#         seq_item_port      uvm_seq_item_pull_port  -     @517 
#       my_sequencer_h       seqcr                   -     @533 
#         rsp_export         uvm_analysis_export     -     @540 
#         seq_item_export    uvm_seq_item_pull_imp   -     @634 
#         arbitration_queue  array                   0     -    
#         lock_queue         array                   0     -    
#         num_last_reqs      integral                32    'd1  
#         num_last_rsps      integral                32    'd1  
#     coverage               coverage                -     @494 
#       analysis_imp         uvm_analysis_imp        -     @501 
#     scoreboard             scoreboard              -     @487 
#       aport_mon            uvm_analysis_imp        -     @686 
# --------------------------------------------------------------
# 
# start_of_simulation_phase
# -------------------------------------------------------------------
# UVM_INFO ../tb/driver.svh(30) @ 10: uvm_test_top.env_h.agent.my_driver_h [driver] a = 2168444362, b = 3292732832, cin = 0
# -------------------------------------------------------------------
# UVM_INFO ../tb/coverage.svh(53) @ 15: uvm_test_top.env_h.coverage [coverage] Subscriber received a = 0, b = 0, sum = 0
# ----------------------------------------------------------------------------------------------------------
# UVM_ERROR ../tb/scoreboard.svh(54) @ 15: uvm_test_top.env_h.scoreboard [scoreboard] NOT matched: a = 0, b = 0, sum = 0
# ----------------------------------------------------------------------------------------------------------
# -------------------------------------------------------------------
# UVM_INFO ../tb/driver.svh(30) @ 20: uvm_test_top.env_h.agent.my_driver_h [driver] a = 1249858939, b = 3387372877, cin = 0
# -------------------------------------------------------------------
# -------------------------------------------------------------------
# UVM_INFO ../tb/driver.svh(30) @ 30: uvm_test_top.env_h.agent.my_driver_h [driver] a = 748996732, b = 642447309, cin = 0
# -------------------------------------------------------------------
# UVM_INFO ../tb/coverage.svh(53) @ 35: uvm_test_top.env_h.coverage [coverage] Subscriber received a = 1249858939, b = 3387372877, sum = 0
# ----------------------------------------------------------------------------------------------------------
# UVM_ERROR ../tb/scoreboard.svh(54) @ 35: uvm_test_top.env_h.scoreboard [scoreboard] NOT matched: a = 1249858939, b = 3387372877, sum = 342264520
# ----------------------------------------------------------------------------------------------------------
# -------------------------------------------------------------------
# UVM_INFO ../tb/driver.svh(30) @ 40: uvm_test_top.env_h.agent.my_driver_h [driver] a = 4072448303, b = 2750992079, cin = 1
# -------------------------------------------------------------------
# -------------------------------------------------------------------
# UVM_INFO ../tb/driver.svh(30) @ 50: uvm_test_top.env_h.agent.my_driver_h [driver] a = 3043438602, b = 385085362, cin = 0
# -------------------------------------------------------------------
# UVM_INFO ../tb/coverage.svh(53) @ 55: uvm_test_top.env_h.coverage [coverage] Subscriber received a = 4072448303, b = 2750992079, sum = 1
# ----------------------------------------------------------------------------------------------------------
# UVM_ERROR ../tb/scoreboard.svh(54) @ 55: uvm_test_top.env_h.scoreboard [scoreboard] NOT matched: a = 4072448303, b = 2750992079, sum = 1321456224
# ----------------------------------------------------------------------------------------------------------
# -------------------------------------------------------------------
# UVM_INFO ../tb/driver.svh(30) @ 60: uvm_test_top.env_h.agent.my_driver_h [driver] a = 3225894165, b = 963603393, cin = 0
# -------------------------------------------------------------------
# -------------------------------------------------------------------
# UVM_INFO ../tb/driver.svh(30) @ 70: uvm_test_top.env_h.agent.my_driver_h [driver] a = 3100282860, b = 3655213466, cin = 0
# -------------------------------------------------------------------
# UVM_INFO ../tb/coverage.svh(53) @ 75: uvm_test_top.env_h.coverage [coverage] Subscriber received a = 3225894165, b = 963603393, sum = 0
# ----------------------------------------------------------------------------------------------------------
# UVM_ERROR ../tb/scoreboard.svh(54) @ 75: uvm_test_top.env_h.scoreboard [scoreboard] NOT matched: a = 3225894165, b = 963603393, sum = 4189497558
# ----------------------------------------------------------------------------------------------------------
# -------------------------------------------------------------------
# UVM_INFO ../tb/driver.svh(30) @ 80: uvm_test_top.env_h.agent.my_driver_h [driver] a = 3683834468, b = 1902258251, cin = 0
# -------------------------------------------------------------------
# -------------------------------------------------------------------
# UVM_INFO ../tb/driver.svh(30) @ 90: uvm_test_top.env_h.agent.my_driver_h [driver] a = 2135647980, b = 674275308, cin = 0
# -------------------------------------------------------------------
# UVM_INFO ../tb/coverage.svh(53) @ 95: uvm_test_top.env_h.coverage [coverage] Subscriber received a = 3683834468, b = 1902258251, sum = 0
# ----------------------------------------------------------------------------------------------------------
# UVM_ERROR ../tb/scoreboard.svh(54) @ 95: uvm_test_top.env_h.scoreboard [scoreboard] NOT matched: a = 3683834468, b = 1902258251, sum = 1291125423
# ----------------------------------------------------------------------------------------------------------
# -------------------------------------------------------------------
# UVM_INFO ../tb/driver.svh(30) @ 100: uvm_test_top.env_h.agent.my_driver_h [driver] a = 2694983515, b = 1867920038, cin = 0
# -------------------------------------------------------------------
# -------------------------------------------------------------------
# UVM_INFO ../tb/driver.svh(30) @ 110: uvm_test_top.env_h.agent.my_driver_h [driver] a = 3897620037, b = 1836462442, cin = 1
# -------------------------------------------------------------------
# UVM_INFO ../tb/coverage.svh(53) @ 115: uvm_test_top.env_h.coverage [coverage] Subscriber received a = 2694983515, b = 1867920038, sum = 0
# ----------------------------------------------------------------------------------------------------------
# UVM_ERROR ../tb/scoreboard.svh(54) @ 115: uvm_test_top.env_h.scoreboard [scoreboard] NOT matched: a = 2694983515, b = 1867920038, sum = 267936257
# ----------------------------------------------------------------------------------------------------------
# -------------------------------------------------------------------
# UVM_INFO ../tb/driver.svh(30) @ 120: uvm_test_top.env_h.agent.my_driver_h [driver] a = 2906531583, b = 4067956342, cin = 1
# -------------------------------------------------------------------
# -------------------------------------------------------------------
# UVM_INFO ../tb/driver.svh(30) @ 130: uvm_test_top.env_h.agent.my_driver_h [driver] a = 367366574, b = 3500847166, cin = 0
# -------------------------------------------------------------------
# UVM_INFO ../tb/coverage.svh(53) @ 135: uvm_test_top.env_h.coverage [coverage] Subscriber received a = 2906531583, b = 4067956342, sum = 1
# ----------------------------------------------------------------------------------------------------------
# UVM_ERROR ../tb/scoreboard.svh(54) @ 135: uvm_test_top.env_h.scoreboard [scoreboard] NOT matched: a = 2906531583, b = 4067956342, sum = 3133542537
# ----------------------------------------------------------------------------------------------------------
# -------------------------------------------------------------------
# UVM_INFO ../tb/driver.svh(30) @ 140: uvm_test_top.env_h.agent.my_driver_h [driver] a = 629196537, b = 1253513978, cin = 0
# -------------------------------------------------------------------
# -------------------------------------------------------------------
# UVM_INFO ../tb/driver.svh(30) @ 150: uvm_test_top.env_h.agent.my_driver_h [driver] a = 2541284467, b = 496895843, cin = 1
# -------------------------------------------------------------------
# UVM_INFO ../tb/coverage.svh(53) @ 155: uvm_test_top.env_h.coverage [coverage] Subscriber received a = 629196537, b = 1253513978, sum = 0
# ----------------------------------------------------------------------------------------------------------
# UVM_ERROR ../tb/scoreboard.svh(54) @ 155: uvm_test_top.env_h.scoreboard [scoreboard] NOT matched: a = 629196537, b = 1253513978, sum = 1882710515
# ----------------------------------------------------------------------------------------------------------
# -------------------------------------------------------------------
# UVM_INFO ../tb/driver.svh(30) @ 160: uvm_test_top.env_h.agent.my_driver_h [driver] a = 1540684093, b = 1518838898, cin = 1
# -------------------------------------------------------------------
# -------------------------------------------------------------------
# UVM_INFO ../tb/driver.svh(30) @ 170: uvm_test_top.env_h.agent.my_driver_h [driver] a = 3525159662, b = 3664875961, cin = 0
# -------------------------------------------------------------------
# UVM_INFO ../tb/coverage.svh(53) @ 175: uvm_test_top.env_h.coverage [coverage] Subscriber received a = 1540684093, b = 1518838898, sum = 1
# ----------------------------------------------------------------------------------------------------------
# UVM_ERROR ../tb/scoreboard.svh(54) @ 175: uvm_test_top.env_h.scoreboard [scoreboard] NOT matched: a = 1540684093, b = 1518838898, sum = 21845195
# ----------------------------------------------------------------------------------------------------------
# -------------------------------------------------------------------
# UVM_INFO ../tb/driver.svh(30) @ 180: uvm_test_top.env_h.agent.my_driver_h [driver] a = 2467874558, b = 2250138233, cin = 0
# -------------------------------------------------------------------
# -------------------------------------------------------------------
# UVM_INFO ../tb/driver.svh(30) @ 190: uvm_test_top.env_h.agent.my_driver_h [driver] a = 3018706104, b = 1804885688, cin = 1
# -------------------------------------------------------------------
# UVM_INFO ../tb/coverage.svh(53) @ 195: uvm_test_top.env_h.coverage [coverage] Subscriber received a = 2467874558, b = 2250138233, sum = 0
# ----------------------------------------------------------------------------------------------------------
# UVM_ERROR ../tb/scoreboard.svh(54) @ 195: uvm_test_top.env_h.scoreboard [scoreboard] NOT matched: a = 2467874558, b = 2250138233, sum = 423045495
# ----------------------------------------------------------------------------------------------------------
# -------------------------------------------------------------------
# UVM_INFO ../tb/driver.svh(30) @ 200: uvm_test_top.env_h.agent.my_driver_h [driver] a = 306812215, b = 2839249930, cin = 1
# -------------------------------------------------------------------
# -------------------------------------------------------------------
# UVM_INFO ../tb/driver.svh(30) @ 210: uvm_test_top.env_h.agent.my_driver_h [driver] a = 468570785, b = 2466982924, cin = 0
# -------------------------------------------------------------------
# UVM_INFO ../tb/coverage.svh(53) @ 215: uvm_test_top.env_h.coverage [coverage] Subscriber received a = 306812215, b = 2839249930, sum = 1
# ----------------------------------------------------------------------------------------------------------
# UVM_ERROR ../tb/scoreboard.svh(54) @ 215: uvm_test_top.env_h.scoreboard [scoreboard] NOT matched: a = 306812215, b = 2839249930, sum = 1762529581
# ----------------------------------------------------------------------------------------------------------
# -------------------------------------------------------------------
# UVM_INFO ../tb/driver.svh(30) @ 220: uvm_test_top.env_h.agent.my_driver_h [driver] a = 2362626626, b = 4159976931, cin = 1
# -------------------------------------------------------------------
# -------------------------------------------------------------------
# UVM_INFO ../tb/driver.svh(30) @ 230: uvm_test_top.env_h.agent.my_driver_h [driver] a = 2687466093, b = 1996274542, cin = 0
# -------------------------------------------------------------------
# UVM_INFO ../tb/coverage.svh(53) @ 235: uvm_test_top.env_h.coverage [coverage] Subscriber received a = 2362626626, b = 4159976931, sum = 1
# ----------------------------------------------------------------------------------------------------------
# UVM_ERROR ../tb/scoreboard.svh(54) @ 235: uvm_test_top.env_h.scoreboard [scoreboard] NOT matched: a = 2362626626, b = 4159976931, sum = 2497616991
# ----------------------------------------------------------------------------------------------------------
# -------------------------------------------------------------------
# UVM_INFO ../tb/driver.svh(30) @ 240: uvm_test_top.env_h.agent.my_driver_h [driver] a = 778353366, b = 2645560850, cin = 1
# -------------------------------------------------------------------
# -------------------------------------------------------------------
# UVM_INFO ../tb/driver.svh(30) @ 250: uvm_test_top.env_h.agent.my_driver_h [driver] a = 3550468446, b = 4294104595, cin = 0
# -------------------------------------------------------------------
# UVM_INFO ../tb/coverage.svh(53) @ 255: uvm_test_top.env_h.coverage [coverage] Subscriber received a = 778353366, b = 2645560850, sum = 1
# ----------------------------------------------------------------------------------------------------------
# UVM_ERROR ../tb/scoreboard.svh(54) @ 255: uvm_test_top.env_h.scoreboard [scoreboard] NOT matched: a = 778353366, b = 2645560850, sum = 2427759812
# ----------------------------------------------------------------------------------------------------------
# -------------------------------------------------------------------
# UVM_INFO ../tb/driver.svh(30) @ 260: uvm_test_top.env_h.agent.my_driver_h [driver] a = 2206306282, b = 650393820, cin = 0
# -------------------------------------------------------------------
# -------------------------------------------------------------------
# UVM_INFO ../tb/driver.svh(30) @ 270: uvm_test_top.env_h.agent.my_driver_h [driver] a = 1222551871, b = 2022630355, cin = 1
# -------------------------------------------------------------------
# UVM_INFO ../tb/coverage.svh(53) @ 275: uvm_test_top.env_h.coverage [coverage] Subscriber received a = 2206306282, b = 650393820, sum = 0
# ----------------------------------------------------------------------------------------------------------
# UVM_ERROR ../tb/scoreboard.svh(54) @ 275: uvm_test_top.env_h.scoreboard [scoreboard] NOT matched: a = 2206306282, b = 650393820, sum = 2856700102
# ----------------------------------------------------------------------------------------------------------
# -------------------------------------------------------------------
# UVM_INFO ../tb/driver.svh(30) @ 280: uvm_test_top.env_h.agent.my_driver_h [driver] a = 1015205637, b = 2379032434, cin = 1
# -------------------------------------------------------------------
# -------------------------------------------------------------------
# UVM_INFO ../tb/driver.svh(30) @ 290: uvm_test_top.env_h.agent.my_driver_h [driver] a = 750379862, b = 4039704546, cin = 0
# -------------------------------------------------------------------
# UVM_INFO ../tb/coverage.svh(53) @ 295: uvm_test_top.env_h.coverage [coverage] Subscriber received a = 1015205637, b = 2379032434, sum = 1
# ----------------------------------------------------------------------------------------------------------
# UVM_ERROR ../tb/scoreboard.svh(54) @ 295: uvm_test_top.env_h.scoreboard [scoreboard] NOT matched: a = 1015205637, b = 2379032434, sum = 2931140499
# ----------------------------------------------------------------------------------------------------------
# -------------------------------------------------------------------
# UVM_INFO ../tb/driver.svh(30) @ 300: uvm_test_top.env_h.agent.my_driver_h [driver] a = 2296766899, b = 3260578584, cin = 1
# -------------------------------------------------------------------
# -------------------------------------------------------------------
# UVM_INFO ../tb/driver.svh(30) @ 310: uvm_test_top.env_h.agent.my_driver_h [driver] a = 2884623984, b = 40323542, cin = 1
# -------------------------------------------------------------------
# UVM_INFO ../tb/coverage.svh(53) @ 315: uvm_test_top.env_h.coverage [coverage] Subscriber received a = 2296766899, b = 3260578584, sum = 1
# ----------------------------------------------------------------------------------------------------------
# UVM_ERROR ../tb/scoreboard.svh(54) @ 315: uvm_test_top.env_h.scoreboard [scoreboard] NOT matched: a = 2296766899, b = 3260578584, sum = 3331155611
# ----------------------------------------------------------------------------------------------------------
# -------------------------------------------------------------------
# UVM_INFO ../tb/driver.svh(30) @ 320: uvm_test_top.env_h.agent.my_driver_h [driver] a = 2616461321, b = 3376639626, cin = 0
# -------------------------------------------------------------------
# -------------------------------------------------------------------
# UVM_INFO ../tb/driver.svh(30) @ 330: uvm_test_top.env_h.agent.my_driver_h [driver] a = 798252875, b = 1139024482, cin = 0
# -------------------------------------------------------------------
# UVM_INFO ../tb/coverage.svh(53) @ 335: uvm_test_top.env_h.coverage [coverage] Subscriber received a = 2616461321, b = 3376639626, sum = 0
# ----------------------------------------------------------------------------------------------------------
# UVM_ERROR ../tb/scoreboard.svh(54) @ 335: uvm_test_top.env_h.scoreboard [scoreboard] NOT matched: a = 2616461321, b = 3376639626, sum = 1698133651
# ----------------------------------------------------------------------------------------------------------
# -------------------------------------------------------------------
# UVM_INFO ../tb/driver.svh(30) @ 340: uvm_test_top.env_h.agent.my_driver_h [driver] a = 1390194731, b = 3827789799, cin = 0
# -------------------------------------------------------------------
# -------------------------------------------------------------------
# UVM_INFO ../tb/driver.svh(30) @ 350: uvm_test_top.env_h.agent.my_driver_h [driver] a = 501749012, b = 1840154885, cin = 0
# -------------------------------------------------------------------
# UVM_INFO ../tb/coverage.svh(53) @ 355: uvm_test_top.env_h.coverage [coverage] Subscriber received a = 1390194731, b = 3827789799, sum = 0
# ----------------------------------------------------------------------------------------------------------
# UVM_ERROR ../tb/scoreboard.svh(54) @ 355: uvm_test_top.env_h.scoreboard [scoreboard] NOT matched: a = 1390194731, b = 3827789799, sum = 923017234
# ----------------------------------------------------------------------------------------------------------
# -------------------------------------------------------------------
# UVM_INFO ../tb/driver.svh(30) @ 360: uvm_test_top.env_h.agent.my_driver_h [driver] a = 2321618765, b = 895562126, cin = 1
# -------------------------------------------------------------------
# -------------------------------------------------------------------
# UVM_INFO ../tb/driver.svh(30) @ 370: uvm_test_top.env_h.agent.my_driver_h [driver] a = 452865640, b = 3105948375, cin = 1
# -------------------------------------------------------------------
# UVM_INFO ../tb/coverage.svh(53) @ 375: uvm_test_top.env_h.coverage [coverage] Subscriber received a = 2321618765, b = 895562126, sum = 1
# ----------------------------------------------------------------------------------------------------------
# UVM_ERROR ../tb/scoreboard.svh(54) @ 375: uvm_test_top.env_h.scoreboard [scoreboard] NOT matched: a = 2321618765, b = 895562126, sum = 1426056639
# ----------------------------------------------------------------------------------------------------------
# -------------------------------------------------------------------
# UVM_INFO ../tb/driver.svh(30) @ 380: uvm_test_top.env_h.agent.my_driver_h [driver] a = 888747843, b = 2671035045, cin = 1
# -------------------------------------------------------------------
# -------------------------------------------------------------------
# UVM_INFO ../tb/driver.svh(30) @ 390: uvm_test_top.env_h.agent.my_driver_h [driver] a = 814404016, b = 565946772, cin = 0
# -------------------------------------------------------------------
# UVM_INFO ../tb/coverage.svh(53) @ 395: uvm_test_top.env_h.coverage [coverage] Subscriber received a = 888747843, b = 2671035045, sum = 1
# ----------------------------------------------------------------------------------------------------------
# UVM_ERROR ../tb/scoreboard.svh(54) @ 395: uvm_test_top.env_h.scoreboard [scoreboard] NOT matched: a = 888747843, b = 2671035045, sum = 2512680094
# ----------------------------------------------------------------------------------------------------------
# -------------------------------------------------------------------
# UVM_INFO ../tb/driver.svh(30) @ 400: uvm_test_top.env_h.agent.my_driver_h [driver] a = 2472335330, b = 985778727, cin = 1
# -------------------------------------------------------------------
# -------------------------------------------------------------------
# UVM_INFO ../tb/driver.svh(30) @ 410: uvm_test_top.env_h.agent.my_driver_h [driver] a = 2027121859, b = 800036637, cin = 1
# -------------------------------------------------------------------
# UVM_INFO ../tb/coverage.svh(53) @ 415: uvm_test_top.env_h.coverage [coverage] Subscriber received a = 2472335330, b = 985778727, sum = 1
# ----------------------------------------------------------------------------------------------------------
# UVM_ERROR ../tb/scoreboard.svh(54) @ 415: uvm_test_top.env_h.scoreboard [scoreboard] NOT matched: a = 2472335330, b = 985778727, sum = 1486556603
# ----------------------------------------------------------------------------------------------------------
# -------------------------------------------------------------------
# UVM_INFO ../tb/driver.svh(30) @ 420: uvm_test_top.env_h.agent.my_driver_h [driver] a = 204739669, b = 2537847576, cin = 0
# -------------------------------------------------------------------
# -------------------------------------------------------------------
# UVM_INFO ../tb/driver.svh(30) @ 430: uvm_test_top.env_h.agent.my_driver_h [driver] a = 2986283640, b = 814310659, cin = 0
# -------------------------------------------------------------------
# UVM_INFO ../tb/coverage.svh(53) @ 435: uvm_test_top.env_h.coverage [coverage] Subscriber received a = 204739669, b = 2537847576, sum = 0
# ----------------------------------------------------------------------------------------------------------
# UVM_ERROR ../tb/scoreboard.svh(54) @ 435: uvm_test_top.env_h.scoreboard [scoreboard] NOT matched: a = 204739669, b = 2537847576, sum = 2742587245
# ----------------------------------------------------------------------------------------------------------
# -------------------------------------------------------------------
# UVM_INFO ../tb/driver.svh(30) @ 440: uvm_test_top.env_h.agent.my_driver_h [driver] a = 2588828276, b = 2605850086, cin = 0
# -------------------------------------------------------------------
# -------------------------------------------------------------------
# UVM_INFO ../tb/driver.svh(30) @ 450: uvm_test_top.env_h.agent.my_driver_h [driver] a = 27883865, b = 3289826858, cin = 0
# -------------------------------------------------------------------
# UVM_INFO ../tb/coverage.svh(53) @ 455: uvm_test_top.env_h.coverage [coverage] Subscriber received a = 2588828276, b = 2605850086, sum = 0
# ----------------------------------------------------------------------------------------------------------
# UVM_ERROR ../tb/scoreboard.svh(54) @ 455: uvm_test_top.env_h.scoreboard [scoreboard] NOT matched: a = 2588828276, b = 2605850086, sum = 899711066
# ----------------------------------------------------------------------------------------------------------
# -------------------------------------------------------------------
# UVM_INFO ../tb/driver.svh(30) @ 460: uvm_test_top.env_h.agent.my_driver_h [driver] a = 1643996219, b = 3361635067, cin = 1
# -------------------------------------------------------------------
# -------------------------------------------------------------------
# UVM_INFO ../tb/driver.svh(30) @ 470: uvm_test_top.env_h.agent.my_driver_h [driver] a = 3604441996, b = 4068345259, cin = 0
# -------------------------------------------------------------------
# UVM_INFO ../tb/coverage.svh(53) @ 475: uvm_test_top.env_h.coverage [coverage] Subscriber received a = 1643996219, b = 3361635067, sum = 1
# ----------------------------------------------------------------------------------------------------------
# UVM_ERROR ../tb/scoreboard.svh(54) @ 475: uvm_test_top.env_h.scoreboard [scoreboard] NOT matched: a = 1643996219, b = 3361635067, sum = 2577328448
# ----------------------------------------------------------------------------------------------------------
# -------------------------------------------------------------------
# UVM_INFO ../tb/driver.svh(30) @ 480: uvm_test_top.env_h.agent.my_driver_h [driver] a = 1912287217, b = 3454423582, cin = 0
# -------------------------------------------------------------------
# -------------------------------------------------------------------
# UVM_INFO ../tb/driver.svh(30) @ 490: uvm_test_top.env_h.agent.my_driver_h [driver] a = 3105144928, b = 4251054533, cin = 1
# -------------------------------------------------------------------
# UVM_INFO ../tb/coverage.svh(53) @ 495: uvm_test_top.env_h.coverage [coverage] Subscriber received a = 1912287217, b = 3454423582, sum = 0
# ----------------------------------------------------------------------------------------------------------
# UVM_ERROR ../tb/scoreboard.svh(54) @ 495: uvm_test_top.env_h.scoreboard [scoreboard] NOT matched: a = 1912287217, b = 3454423582, sum = 1071743503
# ----------------------------------------------------------------------------------------------------------
# -------------------------------------------------------------------
# UVM_INFO ../tb/driver.svh(30) @ 500: uvm_test_top.env_h.agent.my_driver_h [driver] a = 505388378, b = 239743133, cin = 1
# -------------------------------------------------------------------
# -------------------------------------------------------------------
# UVM_INFO ../tb/driver.svh(30) @ 510: uvm_test_top.env_h.agent.my_driver_h [driver] a = 996454280, b = 3821057918, cin = 0
# -------------------------------------------------------------------
# UVM_INFO ../tb/coverage.svh(53) @ 515: uvm_test_top.env_h.coverage [coverage] Subscriber received a = 505388378, b = 239743133, sum = 1
# ----------------------------------------------------------------------------------------------------------
# UVM_ERROR ../tb/scoreboard.svh(54) @ 515: uvm_test_top.env_h.scoreboard [scoreboard] NOT matched: a = 505388378, b = 239743133, sum = 265645245
# ----------------------------------------------------------------------------------------------------------
# -------------------------------------------------------------------
# UVM_INFO ../tb/driver.svh(30) @ 520: uvm_test_top.env_h.agent.my_driver_h [driver] a = 3833093816, b = 2184907715, cin = 0
# -------------------------------------------------------------------
# -------------------------------------------------------------------
# UVM_INFO ../tb/driver.svh(30) @ 530: uvm_test_top.env_h.agent.my_driver_h [driver] a = 2966647866, b = 1972756179, cin = 0
# -------------------------------------------------------------------
# UVM_INFO ../tb/coverage.svh(53) @ 535: uvm_test_top.env_h.coverage [coverage] Subscriber received a = 3833093816, b = 2184907715, sum = 0
# ----------------------------------------------------------------------------------------------------------
# UVM_ERROR ../tb/scoreboard.svh(54) @ 535: uvm_test_top.env_h.scoreboard [scoreboard] NOT matched: a = 3833093816, b = 2184907715, sum = 1723034235
# ----------------------------------------------------------------------------------------------------------
# -------------------------------------------------------------------
# UVM_INFO ../tb/driver.svh(30) @ 540: uvm_test_top.env_h.agent.my_driver_h [driver] a = 1670705255, b = 1089709080, cin = 1
# -------------------------------------------------------------------
# -------------------------------------------------------------------
# UVM_INFO ../tb/driver.svh(30) @ 550: uvm_test_top.env_h.agent.my_driver_h [driver] a = 2467893130, b = 2440033717, cin = 1
# -------------------------------------------------------------------
# UVM_INFO ../tb/coverage.svh(53) @ 555: uvm_test_top.env_h.coverage [coverage] Subscriber received a = 1670705255, b = 1089709080, sum = 1
# ----------------------------------------------------------------------------------------------------------
# UVM_ERROR ../tb/scoreboard.svh(54) @ 555: uvm_test_top.env_h.scoreboard [scoreboard] NOT matched: a = 1670705255, b = 1089709080, sum = 580996175
# ----------------------------------------------------------------------------------------------------------
# -------------------------------------------------------------------
# UVM_INFO ../tb/driver.svh(30) @ 560: uvm_test_top.env_h.agent.my_driver_h [driver] a = 1665768320, b = 991626634, cin = 1
# -------------------------------------------------------------------
# -------------------------------------------------------------------
# UVM_INFO ../tb/driver.svh(30) @ 570: uvm_test_top.env_h.agent.my_driver_h [driver] a = 1383902551, b = 3374199846, cin = 0
# -------------------------------------------------------------------
# UVM_INFO ../tb/coverage.svh(53) @ 575: uvm_test_top.env_h.coverage [coverage] Subscriber received a = 1665768320, b = 991626634, sum = 1
# ----------------------------------------------------------------------------------------------------------
# UVM_ERROR ../tb/scoreboard.svh(54) @ 575: uvm_test_top.env_h.scoreboard [scoreboard] NOT matched: a = 1665768320, b = 991626634, sum = 674141686
# ----------------------------------------------------------------------------------------------------------
# -------------------------------------------------------------------
# UVM_INFO ../tb/driver.svh(30) @ 580: uvm_test_top.env_h.agent.my_driver_h [driver] a = 3546438864, b = 3251956883, cin = 1
# -------------------------------------------------------------------
# -------------------------------------------------------------------
# UVM_INFO ../tb/driver.svh(30) @ 590: uvm_test_top.env_h.agent.my_driver_h [driver] a = 3054330310, b = 1695274083, cin = 0
# -------------------------------------------------------------------
# UVM_INFO ../tb/coverage.svh(53) @ 595: uvm_test_top.env_h.coverage [coverage] Subscriber received a = 3546438864, b = 3251956883, sum = 1
# ----------------------------------------------------------------------------------------------------------
# UVM_ERROR ../tb/scoreboard.svh(54) @ 595: uvm_test_top.env_h.scoreboard [scoreboard] NOT matched: a = 3546438864, b = 3251956883, sum = 294481981
# ----------------------------------------------------------------------------------------------------------
# -------------------------------------------------------------------
# UVM_INFO ../tb/driver.svh(30) @ 600: uvm_test_top.env_h.agent.my_driver_h [driver] a = 1952491583, b = 1407269933, cin = 0
# -------------------------------------------------------------------
# -------------------------------------------------------------------
# UVM_INFO ../tb/driver.svh(30) @ 610: uvm_test_top.env_h.agent.my_driver_h [driver] a = 32099944, b = 3280173404, cin = 1
# -------------------------------------------------------------------
# UVM_INFO ../tb/coverage.svh(53) @ 615: uvm_test_top.env_h.coverage [coverage] Subscriber received a = 1952491583, b = 1407269933, sum = 0
# ----------------------------------------------------------------------------------------------------------
# UVM_ERROR ../tb/scoreboard.svh(54) @ 615: uvm_test_top.env_h.scoreboard [scoreboard] NOT matched: a = 1952491583, b = 1407269933, sum = 3359761516
# ----------------------------------------------------------------------------------------------------------
# -------------------------------------------------------------------
# UVM_INFO ../tb/driver.svh(30) @ 620: uvm_test_top.env_h.agent.my_driver_h [driver] a = 466544789, b = 2146021886, cin = 1
# -------------------------------------------------------------------
# -------------------------------------------------------------------
# UVM_INFO ../tb/driver.svh(30) @ 630: uvm_test_top.env_h.agent.my_driver_h [driver] a = 3229886842, b = 2879564012, cin = 0
# -------------------------------------------------------------------
# UVM_INFO ../tb/coverage.svh(53) @ 635: uvm_test_top.env_h.coverage [coverage] Subscriber received a = 466544789, b = 2146021886, sum = 1
# ----------------------------------------------------------------------------------------------------------
# UVM_ERROR ../tb/scoreboard.svh(54) @ 635: uvm_test_top.env_h.scoreboard [scoreboard] NOT matched: a = 466544789, b = 2146021886, sum = 2615490199
# ----------------------------------------------------------------------------------------------------------
# -------------------------------------------------------------------
# UVM_INFO ../tb/driver.svh(30) @ 640: uvm_test_top.env_h.agent.my_driver_h [driver] a = 1651228185, b = 705167238, cin = 0
# -------------------------------------------------------------------
# -------------------------------------------------------------------
# UVM_INFO ../tb/driver.svh(30) @ 650: uvm_test_top.env_h.agent.my_driver_h [driver] a = 561542533, b = 2923843636, cin = 1
# -------------------------------------------------------------------
# UVM_INFO ../tb/coverage.svh(53) @ 655: uvm_test_top.env_h.coverage [coverage] Subscriber received a = 1651228185, b = 705167238, sum = 0
# ----------------------------------------------------------------------------------------------------------
# UVM_ERROR ../tb/scoreboard.svh(54) @ 655: uvm_test_top.env_h.scoreboard [scoreboard] NOT matched: a = 1651228185, b = 705167238, sum = 2356395423
# ----------------------------------------------------------------------------------------------------------
# -------------------------------------------------------------------
# UVM_INFO ../tb/driver.svh(30) @ 660: uvm_test_top.env_h.agent.my_driver_h [driver] a = 1687544480, b = 4010714154, cin = 0
# -------------------------------------------------------------------
# -------------------------------------------------------------------
# UVM_INFO ../tb/driver.svh(30) @ 670: uvm_test_top.env_h.agent.my_driver_h [driver] a = 25105341, b = 2667841909, cin = 0
# -------------------------------------------------------------------
# UVM_INFO ../tb/coverage.svh(53) @ 675: uvm_test_top.env_h.coverage [coverage] Subscriber received a = 1687544480, b = 4010714154, sum = 0
# ----------------------------------------------------------------------------------------------------------
# UVM_ERROR ../tb/scoreboard.svh(54) @ 675: uvm_test_top.env_h.scoreboard [scoreboard] NOT matched: a = 1687544480, b = 4010714154, sum = 1403291338
# ----------------------------------------------------------------------------------------------------------
# -------------------------------------------------------------------
# UVM_INFO ../tb/driver.svh(30) @ 680: uvm_test_top.env_h.agent.my_driver_h [driver] a = 730647814, b = 1025038881, cin = 1
# -------------------------------------------------------------------
# -------------------------------------------------------------------
# UVM_INFO ../tb/driver.svh(30) @ 690: uvm_test_top.env_h.agent.my_driver_h [driver] a = 2948383288, b = 686775194, cin = 0
# -------------------------------------------------------------------
# UVM_INFO ../tb/coverage.svh(53) @ 695: uvm_test_top.env_h.coverage [coverage] Subscriber received a = 730647814, b = 1025038881, sum = 1
# ----------------------------------------------------------------------------------------------------------
# UVM_ERROR ../tb/scoreboard.svh(54) @ 695: uvm_test_top.env_h.scoreboard [scoreboard] NOT matched: a = 730647814, b = 1025038881, sum = 4000576229
# ----------------------------------------------------------------------------------------------------------
# -------------------------------------------------------------------
# UVM_INFO ../tb/driver.svh(30) @ 700: uvm_test_top.env_h.agent.my_driver_h [driver] a = 3938150583, b = 2343676191, cin = 0
# -------------------------------------------------------------------
# -------------------------------------------------------------------
# UVM_INFO ../tb/driver.svh(30) @ 710: uvm_test_top.env_h.agent.my_driver_h [driver] a = 4226059272, b = 171760746, cin = 1
# -------------------------------------------------------------------
# UVM_INFO ../tb/coverage.svh(53) @ 715: uvm_test_top.env_h.coverage [coverage] Subscriber received a = 3938150583, b = 2343676191, sum = 0
# ----------------------------------------------------------------------------------------------------------
# UVM_ERROR ../tb/scoreboard.svh(54) @ 715: uvm_test_top.env_h.scoreboard [scoreboard] NOT matched: a = 3938150583, b = 2343676191, sum = 1986859478
# ----------------------------------------------------------------------------------------------------------
# -------------------------------------------------------------------
# UVM_INFO ../tb/driver.svh(30) @ 720: uvm_test_top.env_h.agent.my_driver_h [driver] a = 3153978832, b = 1085198539, cin = 0
# -------------------------------------------------------------------
# -------------------------------------------------------------------
# UVM_INFO ../tb/driver.svh(30) @ 730: uvm_test_top.env_h.agent.my_driver_h [driver] a = 1668514963, b = 2103949952, cin = 1
# -------------------------------------------------------------------
# UVM_INFO ../tb/coverage.svh(53) @ 735: uvm_test_top.env_h.coverage [coverage] Subscriber received a = 3153978832, b = 1085198539, sum = 0
# ----------------------------------------------------------------------------------------------------------
# UVM_ERROR ../tb/scoreboard.svh(54) @ 735: uvm_test_top.env_h.scoreboard [scoreboard] NOT matched: a = 3153978832, b = 1085198539, sum = 4239177371
# ----------------------------------------------------------------------------------------------------------
# -------------------------------------------------------------------
# UVM_INFO ../tb/driver.svh(30) @ 740: uvm_test_top.env_h.agent.my_driver_h [driver] a = 1792539295, b = 3013392163, cin = 1
# -------------------------------------------------------------------
# -------------------------------------------------------------------
# UVM_INFO ../tb/driver.svh(30) @ 750: uvm_test_top.env_h.agent.my_driver_h [driver] a = 2335408413, b = 1929219703, cin = 1
# -------------------------------------------------------------------
# UVM_INFO ../tb/coverage.svh(53) @ 755: uvm_test_top.env_h.coverage [coverage] Subscriber received a = 1792539295, b = 3013392163, sum = 1
# ----------------------------------------------------------------------------------------------------------
# UVM_ERROR ../tb/scoreboard.svh(54) @ 755: uvm_test_top.env_h.scoreboard [scoreboard] NOT matched: a = 1792539295, b = 3013392163, sum = 3074114428
# ----------------------------------------------------------------------------------------------------------
# -------------------------------------------------------------------
# UVM_INFO ../tb/driver.svh(30) @ 760: uvm_test_top.env_h.agent.my_driver_h [driver] a = 1363830459, b = 1613689830, cin = 1
# -------------------------------------------------------------------
# -------------------------------------------------------------------
# UVM_INFO ../tb/driver.svh(30) @ 770: uvm_test_top.env_h.agent.my_driver_h [driver] a = 1892145484, b = 1839958680, cin = 1
# -------------------------------------------------------------------
# UVM_INFO ../tb/coverage.svh(53) @ 775: uvm_test_top.env_h.coverage [coverage] Subscriber received a = 1363830459, b = 1613689830, sum = 1
# ----------------------------------------------------------------------------------------------------------
# UVM_ERROR ../tb/scoreboard.svh(54) @ 775: uvm_test_top.env_h.scoreboard [scoreboard] NOT matched: a = 1363830459, b = 1613689830, sum = 4045107925
# ----------------------------------------------------------------------------------------------------------
# -------------------------------------------------------------------
# UVM_INFO ../tb/driver.svh(30) @ 780: uvm_test_top.env_h.agent.my_driver_h [driver] a = 914108670, b = 524288434, cin = 0
# -------------------------------------------------------------------
# -------------------------------------------------------------------
# UVM_INFO ../tb/driver.svh(30) @ 790: uvm_test_top.env_h.agent.my_driver_h [driver] a = 3876325397, b = 1311944174, cin = 1
# -------------------------------------------------------------------
# UVM_INFO ../tb/coverage.svh(53) @ 795: uvm_test_top.env_h.coverage [coverage] Subscriber received a = 914108670, b = 524288434, sum = 0
# ----------------------------------------------------------------------------------------------------------
# UVM_ERROR ../tb/scoreboard.svh(54) @ 795: uvm_test_top.env_h.scoreboard [scoreboard] NOT matched: a = 914108670, b = 524288434, sum = 1438397104
# ----------------------------------------------------------------------------------------------------------
# -------------------------------------------------------------------
# UVM_INFO ../tb/driver.svh(30) @ 800: uvm_test_top.env_h.agent.my_driver_h [driver] a = 4071762029, b = 1488448047, cin = 0
# -------------------------------------------------------------------
# -------------------------------------------------------------------
# UVM_INFO ../tb/driver.svh(30) @ 810: uvm_test_top.env_h.agent.my_driver_h [driver] a = 4107200077, b = 1808815775, cin = 0
# -------------------------------------------------------------------
# UVM_INFO ../tb/coverage.svh(53) @ 815: uvm_test_top.env_h.coverage [coverage] Subscriber received a = 4071762029, b = 1488448047, sum = 0
# ----------------------------------------------------------------------------------------------------------
# UVM_ERROR ../tb/scoreboard.svh(54) @ 815: uvm_test_top.env_h.scoreboard [scoreboard] NOT matched: a = 4071762029, b = 1488448047, sum = 1265242780
# ----------------------------------------------------------------------------------------------------------
# -------------------------------------------------------------------
# UVM_INFO ../tb/driver.svh(30) @ 820: uvm_test_top.env_h.agent.my_driver_h [driver] a = 2903916736, b = 1037434566, cin = 0
# -------------------------------------------------------------------
# -------------------------------------------------------------------
# UVM_INFO ../tb/driver.svh(30) @ 830: uvm_test_top.env_h.agent.my_driver_h [driver] a = 747878802, b = 2507162574, cin = 1
# -------------------------------------------------------------------
# UVM_INFO ../tb/coverage.svh(53) @ 835: uvm_test_top.env_h.coverage [coverage] Subscriber received a = 2903916736, b = 1037434566, sum = 0
# ----------------------------------------------------------------------------------------------------------
# UVM_ERROR ../tb/scoreboard.svh(54) @ 835: uvm_test_top.env_h.scoreboard [scoreboard] NOT matched: a = 2903916736, b = 1037434566, sum = 3941351302
# ----------------------------------------------------------------------------------------------------------
# -------------------------------------------------------------------
# UVM_INFO ../tb/driver.svh(30) @ 840: uvm_test_top.env_h.agent.my_driver_h [driver] a = 3900891561, b = 1565042401, cin = 1
# -------------------------------------------------------------------
# -------------------------------------------------------------------
# UVM_INFO ../tb/driver.svh(30) @ 850: uvm_test_top.env_h.agent.my_driver_h [driver] a = 1756005465, b = 3395658480, cin = 0
# -------------------------------------------------------------------
# UVM_INFO ../tb/coverage.svh(53) @ 855: uvm_test_top.env_h.coverage [coverage] Subscriber received a = 3900891561, b = 1565042401, sum = 1
# ----------------------------------------------------------------------------------------------------------
# UVM_ERROR ../tb/scoreboard.svh(54) @ 855: uvm_test_top.env_h.scoreboard [scoreboard] NOT matched: a = 3900891561, b = 1565042401, sum = 2335849160
# ----------------------------------------------------------------------------------------------------------
# -------------------------------------------------------------------
# UVM_INFO ../tb/driver.svh(30) @ 860: uvm_test_top.env_h.agent.my_driver_h [driver] a = 1918745223, b = 944714658, cin = 0
# -------------------------------------------------------------------
# -------------------------------------------------------------------
# UVM_INFO ../tb/driver.svh(30) @ 870: uvm_test_top.env_h.agent.my_driver_h [driver] a = 3952957623, b = 3971376608, cin = 0
# -------------------------------------------------------------------
# UVM_INFO ../tb/coverage.svh(53) @ 875: uvm_test_top.env_h.coverage [coverage] Subscriber received a = 1918745223, b = 944714658, sum = 0
# ----------------------------------------------------------------------------------------------------------
# UVM_ERROR ../tb/scoreboard.svh(54) @ 875: uvm_test_top.env_h.scoreboard [scoreboard] NOT matched: a = 1918745223, b = 944714658, sum = 2863459881
# ----------------------------------------------------------------------------------------------------------
# -------------------------------------------------------------------
# UVM_INFO ../tb/driver.svh(30) @ 880: uvm_test_top.env_h.agent.my_driver_h [driver] a = 1528506613, b = 560574558, cin = 0
# -------------------------------------------------------------------
# -------------------------------------------------------------------
# UVM_INFO ../tb/driver.svh(30) @ 890: uvm_test_top.env_h.agent.my_driver_h [driver] a = 2799036709, b = 2040112278, cin = 0
# -------------------------------------------------------------------
# UVM_INFO ../tb/coverage.svh(53) @ 895: uvm_test_top.env_h.coverage [coverage] Subscriber received a = 1528506613, b = 560574558, sum = 0
# ----------------------------------------------------------------------------------------------------------
# UVM_ERROR ../tb/scoreboard.svh(54) @ 895: uvm_test_top.env_h.scoreboard [scoreboard] NOT matched: a = 1528506613, b = 560574558, sum = 2089081171
# ----------------------------------------------------------------------------------------------------------
# -------------------------------------------------------------------
# UVM_INFO ../tb/driver.svh(30) @ 900: uvm_test_top.env_h.agent.my_driver_h [driver] a = 3418238606, b = 1893503869, cin = 1
# -------------------------------------------------------------------
# -------------------------------------------------------------------
# UVM_INFO ../tb/driver.svh(30) @ 910: uvm_test_top.env_h.agent.my_driver_h [driver] a = 2436158574, b = 648946348, cin = 1
# -------------------------------------------------------------------
# UVM_INFO ../tb/coverage.svh(53) @ 915: uvm_test_top.env_h.coverage [coverage] Subscriber received a = 3418238606, b = 1893503869, sum = 1
# ----------------------------------------------------------------------------------------------------------
# UVM_ERROR ../tb/scoreboard.svh(54) @ 915: uvm_test_top.env_h.scoreboard [scoreboard] NOT matched: a = 3418238606, b = 1893503869, sum = 1524734737
# ----------------------------------------------------------------------------------------------------------
# -------------------------------------------------------------------
# UVM_INFO ../tb/driver.svh(30) @ 920: uvm_test_top.env_h.agent.my_driver_h [driver] a = 489664524, b = 2128378244, cin = 0
# -------------------------------------------------------------------
# -------------------------------------------------------------------
# UVM_INFO ../tb/driver.svh(30) @ 930: uvm_test_top.env_h.agent.my_driver_h [driver] a = 1293004521, b = 1856363264, cin = 0
# -------------------------------------------------------------------
# UVM_INFO ../tb/coverage.svh(53) @ 935: uvm_test_top.env_h.coverage [coverage] Subscriber received a = 489664524, b = 2128378244, sum = 0
# ----------------------------------------------------------------------------------------------------------
# UVM_ERROR ../tb/scoreboard.svh(54) @ 935: uvm_test_top.env_h.scoreboard [scoreboard] NOT matched: a = 489664524, b = 2128378244, sum = 2618042768
# ----------------------------------------------------------------------------------------------------------
# -------------------------------------------------------------------
# UVM_INFO ../tb/driver.svh(30) @ 940: uvm_test_top.env_h.agent.my_driver_h [driver] a = 3421910748, b = 1893657710, cin = 0
# -------------------------------------------------------------------
# -------------------------------------------------------------------
# UVM_INFO ../tb/driver.svh(30) @ 950: uvm_test_top.env_h.agent.my_driver_h [driver] a = 4039496322, b = 3401417264, cin = 0
# -------------------------------------------------------------------
# UVM_INFO ../tb/coverage.svh(53) @ 955: uvm_test_top.env_h.coverage [coverage] Subscriber received a = 3421910748, b = 1893657710, sum = 0
# ----------------------------------------------------------------------------------------------------------
# UVM_ERROR ../tb/scoreboard.svh(54) @ 955: uvm_test_top.env_h.scoreboard [scoreboard] NOT matched: a = 3421910748, b = 1893657710, sum = 1020601162
# ----------------------------------------------------------------------------------------------------------
# -------------------------------------------------------------------
# UVM_INFO ../tb/driver.svh(30) @ 960: uvm_test_top.env_h.agent.my_driver_h [driver] a = 3423519748, b = 2320300166, cin = 1
# -------------------------------------------------------------------
# -------------------------------------------------------------------
# UVM_INFO ../tb/driver.svh(30) @ 970: uvm_test_top.env_h.agent.my_driver_h [driver] a = 3838535281, b = 1470999196, cin = 1
# -------------------------------------------------------------------
# UVM_INFO ../tb/coverage.svh(53) @ 975: uvm_test_top.env_h.coverage [coverage] Subscriber received a = 3423519748, b = 2320300166, sum = 1
# ----------------------------------------------------------------------------------------------------------
# UVM_ERROR ../tb/scoreboard.svh(54) @ 975: uvm_test_top.env_h.scoreboard [scoreboard] NOT matched: a = 3423519748, b = 2320300166, sum = 1103219582
# ----------------------------------------------------------------------------------------------------------
# -------------------------------------------------------------------
# UVM_INFO ../tb/driver.svh(30) @ 980: uvm_test_top.env_h.agent.my_driver_h [driver] a = 419776014, b = 1983904887, cin = 0
# -------------------------------------------------------------------
# -------------------------------------------------------------------
# UVM_INFO ../tb/driver.svh(30) @ 990: uvm_test_top.env_h.agent.my_driver_h [driver] a = 3576062780, b = 1324766515, cin = 0
# -------------------------------------------------------------------
# UVM_INFO ../tb/coverage.svh(53) @ 995: uvm_test_top.env_h.coverage [coverage] Subscriber received a = 419776014, b = 1983904887, sum = 0
# ----------------------------------------------------------------------------------------------------------
# UVM_ERROR ../tb/scoreboard.svh(54) @ 995: uvm_test_top.env_h.scoreboard [scoreboard] NOT matched: a = 419776014, b = 1983904887, sum = 2403680901
# ----------------------------------------------------------------------------------------------------------
# -------------------------------------------------------------------
# UVM_INFO ../tb/driver.svh(30) @ 1000: uvm_test_top.env_h.agent.my_driver_h [driver] a = 2675315066, b = 1149030165, cin = 1
# -------------------------------------------------------------------
# UVM_INFO verilog_src/uvm-1.1d/src/base/uvm_objection.svh(1267) @ 1000: reporter [TEST_DONE] 'run' phase is ready to proceed to the 'extract' phase
# UVM_INFO ../tb/coverage.svh(71) @ 1000: uvm_test_top.env_h.coverage [coverage] !!!!###!!!####!!Coverage is 53.125000
# 
# --- UVM Report Summary ---
# 
# ** Report counts by severity
# UVM_INFO :  156
# UVM_WARNING :    0
# UVM_ERROR :   50
# UVM_FATAL :    0
# ** Report counts by id
# [Questa UVM]     2
# [RNTST]     1
# [TEST_DONE]     1
# [UVMTOP]     1
# [coverage]    51
# [driver]   100
# [scoreboard]    50
# ** Note: $finish    : /eda/mentor/2020-21/RHELx86/QUESTA-CORE-PRIME_2020.4/questasim/linux_x86_64/../verilog_src/uvm-1.1d/src/base/uvm_root.svh(430)
#    Time: 1 us  Iteration: 70  Instance: /tb_top
# End time: 18:12:15 on Aug 28,2023, Elapsed time: 0:00:09
# Errors: 0, Warnings: 2
